<?xml version="1.0" encoding="UTF-8"?>
<!-- Generated by org.testng.reporters.JUnitXMLReporter -->
<testsuite ignored="2" hostname="LAPTOP-MQBS94J1" failures="0" tests="0" time="0.012" errors="0" timestamp="2025-03-18T14:43:02 IST">
  <testcase classname="frameworkDesign.Tests.StandAloneTest" name="standAloneTest" time="0.0">
    <ignored/>
  </testcase> <!-- standAloneTest -->
  <testcase classname="frameworkDesign.Tests.StandAloneTest" name="checkOrderHistory" time="0.0">
    <ignored/>
  </testcase> <!-- checkOrderHistory -->
</testsuite>
