<?xml version="1.0" encoding="UTF-8"?>
<!-- Generated by org.testng.reporters.JUnitXMLReporter -->
<testsuite ignored="0" hostname="LAPTOP-MQBS94J1" failures="0" tests="2" name="ErrorValidation Test" time="23.467" errors="0" timestamp="2025-03-21T11:01:42 IST">
  <testcase classname="frameworkDesign.Tests.ErrorValidationTest" name="loginErrorValidation" time="0.673"/>
  <testcase classname="frameworkDesign.Tests.ErrorValidationTest" name="productErrorValidation" time="12.238"/>
</testsuite> <!-- ErrorValidation Test -->
