<?xml version="1.0" encoding="UTF-8"?>
<!-- Generated by org.testng.reporters.JUnitXMLReporter -->
<testsuite ignored="0" hostname="LAPTOP-MQBS94J1" failures="1" tests="3" name="ErrorValidation Test" time="19.48" errors="0" timestamp="2025-03-18T21:30:49 IST">
  <testcase classname="frameworkDesign.Tests.ErrorValidationTest" name="loginErrorValidation" time="1.067">
    <skipped/>
  </testcase> <!-- loginErrorValidation -->
  <testcase classname="frameworkDesign.Tests.ErrorValidationTest" name="loginErrorValidation" time="1.057">
    <failure type="java.lang.AssertionError" message="expected:&amp;lt;Incorrect email or password.&amp;gt; but was:&amp;lt;Incorrect -email or password.&amp;gt;">
      <![CDATA[java.lang.AssertionError: expected:<Incorrect email or password.> but was:<Incorrect -email or password.>
at frameworkDesign.Tests.ErrorValidationTest.loginErrorValidation(ErrorValidationTest.java:21)
at java.base/java.util.ArrayList.forEach(ArrayList.java:1511)
at java.base/java.util.concurrent.FutureTask.run(FutureTask.java:264)
at java.base/java.util.concurrent.ThreadPoolExecutor.runWorker(ThreadPoolExecutor.java:1136)
at java.base/java.util.concurrent.ThreadPoolExecutor$Worker.run(ThreadPoolExecutor.java:635)
at java.base/java.lang.Thread.run(Thread.java:842)
... Removed 19 stack frames]]>
    </failure>
  </testcase> <!-- loginErrorValidation -->
  <testcase classname="frameworkDesign.Tests.ErrorValidationTest" name="productErrorValidation" time="3.438"/>
</testsuite> <!-- ErrorValidation Test -->
