<?xml version="1.0" encoding="UTF-8"?>
<!-- Generated by org.testng.reporters.JUnitXMLReporter -->
<testsuite ignored="0" hostname="LAPTOP-MQBS94J1" failures="0" tests="2" name="Error Validation Test" time="22.673" errors="0" timestamp="2025-03-18T14:45:13 IST">
  <testcase classname="frameworkDesign.Tests.ErrorValidationTest" name="loginErrorValidation" time="0.764"/>
  <testcase classname="frameworkDesign.Tests.ErrorValidationTest" name="productErrorValidation" time="13.039"/>
</testsuite> <!-- Error Validation Test -->
