<?xml version="1.0" encoding="UTF-8"?>
<!-- Generated by org.testng.reporters.JUnitXMLReporter -->
<testsuite ignored="0" hostname="LAPTOP-MQBS94J1" failures="0" tests="2" name="Error Validation Test" time="11.065" errors="0" timestamp="2025-03-19T16:18:38 IST">
  <testcase classname="frameworkDesign.Tests.ErrorValidationTest" name="loginErrorValidation" time="0.455"/>
  <testcase classname="frameworkDesign.Tests.ErrorValidationTest" name="productErrorValidation" time="2.995"/>
</testsuite> <!-- Error Validation Test -->
